2024-04-27 19:28:27 -  - exec CUpdateClientPartner::__CollectRequestData
2024-04-27 19:28:27 -  - exec CUpdateClientPartner::GetHTTPPage
2024-04-27 19:28:27 -  - exec CUpdateClientPartner::ParseServerData
2024-04-27 19:28:27 -  - exec CUpdateClientPartner::GetUpdatesList
2024-04-27 19:28:27 -  - exec CUpdateClientPartner::__CollectRequestData
2024-04-27 19:28:27 -  - utf=Y&lang=ru&stable=Y&CANGZIP=Y&SUPD_DBS=MYSQL&XE=N&CLIENT_SITE=popova.45-86-181-97.ip.dev.2204535.ru&LICENSE_KEY=X&SUPD_STS=1&SUPD_URS=1&TYPENC=D&CLIENT_PHPVER=8.2.7&NGINX=Y&dbv=10.6.11&instm=main%2C23.300.100%2CY%3Bmessageservice%2C23.0.0%2CN%3Bfileman%2C22.300.0%2CN%3Bvote%2C23.0.0%2CN%3Bsearch%2C22.100.0%2CN%3Bbitrix.sitecorporate%2C15.5.0%2CN%3Blanding%2C23.600.150%2CN%3Bbitrix.sitepersonal%2C15.5.0%2CN%3Bbitrixcloud%2C22.100.0%2CN%3Bblog%2C22.0.0%2CN%3Bclouds%2C23.0.0%2CN%3Bb24connector%2C22.0.0%2CN%3Blocation%2C23.0.0%2CN%3Bui%2C22.1600.0%2CN%3Bhighloadblock%2C22.200.0%2CN%3Bforum%2C23.0.0%2CN%3Bsecurity%2C21.300.0%2CN%3Bperfmon%2C21.0.0%2CN%3Bbitrix.siteinfoportal%2C15.5.0%2CN%3Bsocialservices%2C22.200.400%2CN%3Brest%2C23.100.0%2CN%3Bphotogallery%2C22.0.200%2CN%3Bmobileapp%2C23.0.0%2CN%3Bseo%2C23.200.0%2CN%3Bsubscribe%2C21.0.0%2CN%3Biblock%2C23.100.0%2CN%3Bform%2C22.0.0%2CN%3Bscale%2C21.0.0%2CN%3Btranslate%2C23.200.0%2CN&reqm=bitrix.sitecorporate%2Cbitrix.sitepersonal%2Cbitrix.siteinfoportal&fullmoduleinfo=Y&SUPD_SRS=RU&SUPD_CMP=N
2024-04-27 19:28:27 -  - exec CUpdateClientPartner::GetHTTPPage
2024-04-27 19:28:28 -  - TIME GetUpdatesList(request) 0.155 sec
2024-04-27 19:28:28 -  - exec CUpdateClientPartner::ParseServerData
2024-04-27 19:28:28 -  - exec CUpdateClientPartner::__CollectRequestData
2024-04-27 19:28:28 -  - exec CUpdateClientPartner::GetHTTPPage
2024-04-27 19:28:28 -  - exec CUpdateClientPartner::ParseServerData
2024-05-01 19:34:48 -  - exec CUpdateClientPartner::__CollectRequestData
2024-05-01 19:34:48 -  - exec CUpdateClientPartner::GetHTTPPage
2024-05-01 19:34:48 -  - exec CUpdateClientPartner::ParseServerData
2024-05-01 19:34:48 -  - exec CUpdateClientPartner::GetUpdatesList
2024-05-01 19:34:48 -  - exec CUpdateClientPartner::__CollectRequestData
2024-05-01 19:34:48 -  - utf=Y&lang=ru&stable=Y&CANGZIP=Y&SUPD_DBS=MYSQL&XE=N&CLIENT_SITE=popova.45-86-181-97.ip.dev.2204535.ru&LICENSE_KEY=X&SUPD_STS=1&SUPD_URS=1&TYPENC=D&CLIENT_PHPVER=8.2.7&NGINX=Y&dbv=10.6.11&instm=main%2C23.300.100%2CY%3Bmessageservice%2C23.0.0%2CN%3Bfileman%2C22.300.0%2CN%3Bvote%2C23.0.0%2CN%3Bsearch%2C22.100.0%2CN%3Bbitrix.sitecorporate%2C15.5.0%2CN%3Blanding%2C23.600.150%2CN%3Bbitrix.sitepersonal%2C15.5.0%2CN%3Bbitrixcloud%2C22.100.0%2CN%3Bblog%2C22.0.0%2CN%3Bclouds%2C23.0.0%2CN%3Bb24connector%2C22.0.0%2CN%3Blocation%2C23.0.0%2CN%3Bui%2C22.1600.0%2CN%3Bhighloadblock%2C22.200.0%2CN%3Bforum%2C23.0.0%2CN%3Bsecurity%2C21.300.0%2CN%3Bperfmon%2C21.0.0%2CN%3Bbitrix.siteinfoportal%2C15.5.0%2CN%3Bsocialservices%2C22.200.400%2CN%3Brest%2C23.100.0%2CN%3Bphotogallery%2C22.0.200%2CN%3Bmobileapp%2C23.0.0%2CN%3Bseo%2C23.200.0%2CN%3Bsubscribe%2C21.0.0%2CN%3Biblock%2C23.100.0%2CN%3Bform%2C22.0.0%2CN%3Bscale%2C21.0.0%2CN%3Btranslate%2C23.200.0%2CN&reqm=bitrix.sitecorporate%2Cbitrix.sitepersonal%2Cbitrix.siteinfoportal&fullmoduleinfo=Y&SUPD_SRS=RU&SUPD_CMP=N
2024-05-01 19:34:48 -  - exec CUpdateClientPartner::GetHTTPPage
2024-05-01 19:34:48 -  - TIME GetUpdatesList(request) 0.161 sec
2024-05-01 19:34:48 -  - exec CUpdateClientPartner::ParseServerData
2024-05-01 19:34:48 -  - exec CUpdateClientPartner::__CollectRequestData
2024-05-01 19:34:48 -  - exec CUpdateClientPartner::GetHTTPPage
2024-05-01 19:34:48 -  - exec CUpdateClientPartner::ParseServerData
2024-05-06 09:41:54 -  - exec CUpdateClientPartner::__CollectRequestData
2024-05-06 09:41:54 -  - exec CUpdateClientPartner::GetHTTPPage
2024-05-06 09:41:54 -  - exec CUpdateClientPartner::ParseServerData
2024-05-06 09:41:54 -  - exec CUpdateClientPartner::GetUpdatesList
2024-05-06 09:41:54 -  - exec CUpdateClientPartner::__CollectRequestData
2024-05-06 09:41:54 -  - utf=Y&lang=ru&stable=Y&CANGZIP=Y&SUPD_DBS=MYSQL&XE=N&CLIENT_SITE=popova.45-86-181-97.ip.dev.2204535.ru&LICENSE_KEY=X&SUPD_STS=1&SUPD_URS=1&TYPENC=D&CLIENT_PHPVER=8.2.7&NGINX=Y&dbv=10.6.11&instm=main%2C23.300.100%2CY%3Bmessageservice%2C23.0.0%2CN%3Bfileman%2C22.300.0%2CN%3Bvote%2C23.0.0%2CN%3Bsearch%2C22.100.0%2CN%3Bbitrix.sitecorporate%2C15.5.0%2CN%3Blanding%2C23.600.150%2CN%3Bbitrix.sitepersonal%2C15.5.0%2CN%3Bbitrixcloud%2C22.100.0%2CN%3Bblog%2C22.0.0%2CN%3Bclouds%2C23.0.0%2CN%3Bb24connector%2C22.0.0%2CN%3Blocation%2C23.0.0%2CN%3Bui%2C22.1600.0%2CN%3Bhighloadblock%2C22.200.0%2CN%3Bforum%2C23.0.0%2CN%3Bsecurity%2C21.300.0%2CN%3Bperfmon%2C21.0.0%2CN%3Bbitrix.siteinfoportal%2C15.5.0%2CN%3Bsocialservices%2C22.200.400%2CN%3Brest%2C23.100.0%2CN%3Bphotogallery%2C22.0.200%2CN%3Bmobileapp%2C23.0.0%2CN%3Bseo%2C23.200.0%2CN%3Bsubscribe%2C21.0.0%2CN%3Biblock%2C23.100.0%2CN%3Bform%2C22.0.0%2CN%3Bscale%2C21.0.0%2CN%3Btranslate%2C23.200.0%2CN&reqm=bitrix.sitecorporate%2Cbitrix.sitepersonal%2Cbitrix.siteinfoportal&fullmoduleinfo=Y&SUPD_SRS=RU&SUPD_CMP=N
2024-05-06 09:41:54 -  - exec CUpdateClientPartner::GetHTTPPage
2024-05-06 09:41:54 -  - TIME GetUpdatesList(request) 0.181 sec
2024-05-06 09:41:54 -  - exec CUpdateClientPartner::ParseServerData
2024-05-06 09:41:54 -  - exec CUpdateClientPartner::__CollectRequestData
2024-05-06 09:41:54 -  - exec CUpdateClientPartner::GetHTTPPage
2024-05-06 09:41:54 -  - exec CUpdateClientPartner::ParseServerData
